<?xml version="1.0" encoding="UTF-8"?>
<!-- Generated by org.testng.reporters.JUnitReportReporter -->
<testsuite hostname="Scorpio" name="testPackage.FirstTest2" tests="1" failures="0" timestamp="11 May 2019 01:14:12 GMT" time="4.404" errors="0">
  <testcase name="VerifyHomePageTitle" time="4.404" classname="testPackage.FirstTest2"/>
</testsuite> <!-- testPackage.FirstTest2 -->
